2017-12-03 19:32:28 INFO  [435993] TreeFrog Framework version 1.19.0
2017-12-03 19:32:28 INFO  [435993] Qt 5.9.2 / Mac OS X
2017-12-03 19:32:28 INFO  [435993] TreeFrog application servers started up.
2017-12-03 19:32:38 WARN  [436434] Recieved a tampered cookie or that of other web application.
2017-12-03 19:32:45 WARN  [436435] Reading a socket timed out after 10 seconds. Descriptor:16
2017-12-03 19:32:45 WARN  [436436] Reading a socket timed out after 10 seconds. Descriptor:17
2017-12-03 19:32:45 WARN  [436437] Reading a socket timed out after 10 seconds. Descriptor:20
2017-12-03 19:32:45 WARN  [436470] Reading a socket timed out after 10 seconds. Descriptor:25
2017-12-03 19:53:40 INFO  [435993] TreeFrog application servers shutting down
2017-12-03 19:53:40 INFO  [435993] TreeFrog application servers shutdown completed
2017-12-04 14:01:41 INFO  [353372] TreeFrog Framework version 1.19.0
2017-12-04 14:01:41 INFO  [353372] Qt 5.9.2 / Mac OS X
2017-12-04 14:01:41 INFO  [353372] TreeFrog application servers started up.
2017-12-04 14:02:02 WARN  [353842] Reading a socket timed out after 10 seconds. Descriptor:14
2017-12-04 14:02:02 WARN  [353843] Reading a socket timed out after 10 seconds. Descriptor:19
2017-12-04 14:02:15 INFO  [353372] TreeFrog application servers shutting down
2017-12-04 14:02:22 INFO  [353372] TreeFrog application servers shutdown completed
2017-12-04 14:07:20 INFO  [366054] TreeFrog Framework version 1.19.0
2017-12-04 14:07:20 INFO  [366054] Qt 5.9.2 / Mac OS X
2017-12-04 14:07:20 INFO  [366054] TreeFrog application servers started up.
2017-12-04 14:07:38 WARN  [366368] Reading a socket timed out after 10 seconds. Descriptor:16
2017-12-04 14:08:25 INFO  [366054] TreeFrog application servers shutting down
2017-12-04 14:08:32 INFO  [366054] TreeFrog application servers shutdown completed
2017-12-04 14:24:00 INFO  [391076] TreeFrog Framework version 1.19.0
2017-12-04 14:24:00 INFO  [391076] Qt 5.9.2 / Mac OS X
2017-12-04 14:24:00 INFO  [391076] TreeFrog application servers started up.
2017-12-04 14:24:20 WARN  [391407] Reading a socket timed out after 10 seconds. Descriptor:22
2017-12-04 14:24:20 WARN  [391405] Reading a socket timed out after 10 seconds. Descriptor:17
2017-12-04 14:24:20 WARN  [391404] Reading a socket timed out after 10 seconds. Descriptor:16
2017-12-04 14:58:06 INFO  [391076] TreeFrog application servers shutting down
2017-12-04 14:58:06 INFO  [391076] TreeFrog application servers shutdown completed
2017-12-04 14:58:08 INFO  [413243] TreeFrog Framework version 1.19.0
2017-12-04 14:58:08 INFO  [413243] Qt 5.9.2 / Mac OS X
2017-12-04 14:58:08 INFO  [413243] TreeFrog application servers started up.
2017-12-04 14:58:24 WARN  [413461] Reading a socket timed out after 10 seconds. Descriptor:20
2017-12-04 14:58:24 WARN  [413460] Reading a socket timed out after 10 seconds. Descriptor:19
2017-12-04 14:58:24 WARN  [413459] Reading a socket timed out after 10 seconds. Descriptor:16
2017-12-04 14:58:37 INFO  [413243] TreeFrog application servers shutting down
2017-12-04 14:58:37 INFO  [413243] TreeFrog application servers shutdown completed
2017-12-04 14:59:02 INFO  [415095] TreeFrog Framework version 1.19.0
2017-12-04 14:59:02 INFO  [415095] Qt 5.9.2 / Mac OS X
2017-12-04 14:59:02 INFO  [415095] TreeFrog application servers started up.
2017-12-04 14:59:50 INFO  [415095] TreeFrog application servers shutting down
2017-12-04 14:59:56 INFO  [415095] TreeFrog application servers shutdown completed
2017-12-04 15:01:57 INFO  [418662] TreeFrog Framework version 1.19.0
2017-12-04 15:01:57 INFO  [418662] Qt 5.9.2 / Mac OS X
2017-12-04 15:01:57 INFO  [418662] TreeFrog application servers started up.
2017-12-04 15:03:22 INFO  [418662] TreeFrog application servers shutting down
2017-12-04 15:03:23 INFO  [418662] TreeFrog application servers shutdown completed
2017-12-04 15:03:24 INFO  [421564] TreeFrog Framework version 1.19.0
2017-12-04 15:03:24 INFO  [421564] Qt 5.9.2 / Mac OS X
2017-12-04 15:03:24 INFO  [421564] TreeFrog application servers started up.
2017-12-04 15:03:31 INFO  [421564] TreeFrog application servers shutting down
2017-12-04 15:03:38 WARN  [421807] Reading a socket timed out after 10 seconds. Descriptor:20
2017-12-04 15:03:38 WARN  [421809] Reading a socket timed out after 10 seconds. Descriptor:28
2017-12-04 15:03:38 WARN  [421808] Reading a socket timed out after 10 seconds. Descriptor:25
2017-12-04 15:03:38 WARN  [421805] Reading a socket timed out after 10 seconds. Descriptor:14
2017-12-04 15:03:38 WARN  [421806] Reading a socket timed out after 10 seconds. Descriptor:17
2017-12-04 15:03:38 INFO  [421564] TreeFrog application servers shutdown completed
2017-12-04 15:13:54 INFO  [430892] TreeFrog Framework version 1.19.0
2017-12-04 15:13:54 INFO  [430892] Qt 5.9.2 / Mac OS X
2017-12-04 15:13:54 INFO  [430892] TreeFrog application servers started up.
2017-12-04 15:14:25 WARN  [431938] Reading a socket timed out after 10 seconds. Descriptor:14
2017-12-04 15:14:25 WARN  [431942] Reading a socket timed out after 10 seconds. Descriptor:29
2017-12-04 15:14:25 WARN  [431941] Reading a socket timed out after 10 seconds. Descriptor:26
2017-12-04 15:14:25 WARN  [431940] Reading a socket timed out after 10 seconds. Descriptor:23
2017-12-04 15:14:25 WARN  [431939] Reading a socket timed out after 10 seconds. Descriptor:18
2017-12-04 15:15:26 WARN  [434842] Reading a socket timed out after 10 seconds. Descriptor:14
2017-12-04 15:15:26 WARN  [434846] Reading a socket timed out after 10 seconds. Descriptor:29
2017-12-04 15:15:26 WARN  [434844] Reading a socket timed out after 10 seconds. Descriptor:23
2017-12-04 15:15:26 WARN  [434845] Reading a socket timed out after 10 seconds. Descriptor:26
2017-12-04 15:15:26 WARN  [434843] Reading a socket timed out after 10 seconds. Descriptor:20
2017-12-04 15:16:57 INFO  [430892] TreeFrog application servers shutting down
2017-12-04 15:16:57 INFO  [430892] TreeFrog application servers shutdown completed
2017-12-04 17:17:39 INFO  [472460] TreeFrog Framework version 1.19.0
2017-12-04 17:17:39 INFO  [472460] Qt 5.9.2 / Mac OS X
2017-12-04 17:17:39 INFO  [472460] TreeFrog application servers started up.
2017-12-04 17:17:59 WARN  [472995] Reading a socket timed out after 10 seconds. Descriptor:24
2017-12-04 17:17:59 WARN  [472992] Reading a socket timed out after 10 seconds. Descriptor:17
2017-12-04 17:17:59 WARN  [472994] Reading a socket timed out after 10 seconds. Descriptor:23
2017-12-04 17:17:59 WARN  [472993] Reading a socket timed out after 10 seconds. Descriptor:22
2017-12-04 17:22:00 INFO  [472460] TreeFrog application servers shutting down
2017-12-04 17:22:00 INFO  [472460] TreeFrog application servers shutdown completed
2017-12-04 17:22:25 INFO  [479819] TreeFrog Framework version 1.19.0
2017-12-04 17:22:25 INFO  [479819] Qt 5.9.2 / Mac OS X
2017-12-04 17:22:25 INFO  [479819] TreeFrog application servers started up.
2017-12-04 17:23:14 WARN  [482183] Reading a socket timed out after 10 seconds. Descriptor:22
2017-12-04 17:23:14 WARN  [482184] Reading a socket timed out after 10 seconds. Descriptor:25
2017-12-04 17:23:14 WARN  [482181] Reading a socket timed out after 10 seconds. Descriptor:14
2017-12-04 17:23:14 WARN  [482182] Reading a socket timed out after 10 seconds. Descriptor:19
2017-12-04 17:23:14 WARN  [482185] Reading a socket timed out after 10 seconds. Descriptor:28
2017-12-04 17:24:16 INFO  [479819] TreeFrog application servers shutting down
2017-12-04 17:24:23 INFO  [479819] TreeFrog application servers shutdown completed
2017-12-04 17:31:38 INFO  [494344] TreeFrog Framework version 1.19.0
2017-12-04 17:31:38 INFO  [494344] Qt 5.9.2 / Mac OS X
2017-12-04 17:31:38 INFO  [494344] TreeFrog application servers started up.
2017-12-04 17:32:02 WARN  [494927] Reading a socket timed out after 10 seconds. Descriptor:17
2017-12-04 17:32:02 WARN  [494926] Reading a socket timed out after 10 seconds. Descriptor:14
2017-12-04 17:32:02 WARN  [494928] Reading a socket timed out after 10 seconds. Descriptor:22
2017-12-04 17:32:02 WARN  [494929] Reading a socket timed out after 10 seconds. Descriptor:23
2017-12-04 17:33:39 INFO  [494344] TreeFrog application servers shutting down
2017-12-04 17:33:45 INFO  [494344] TreeFrog application servers shutdown completed
2017-12-04 18:16:22 INFO  [531235] TreeFrog Framework version 1.19.0
2017-12-04 18:16:22 INFO  [531235] Qt 5.9.2 / Mac OS X
2017-12-04 18:16:22 INFO  [531235] TreeFrog application servers started up.
2017-12-04 18:16:41 WARN  [531506] Reading a socket timed out after 10 seconds. Descriptor:23
2017-12-04 18:16:41 WARN  [531505] Reading a socket timed out after 10 seconds. Descriptor:22
2017-12-04 18:16:41 WARN  [531503] Reading a socket timed out after 10 seconds. Descriptor:14
2017-12-04 18:16:41 WARN  [531504] Reading a socket timed out after 10 seconds. Descriptor:17
2017-12-04 18:16:41 WARN  [531507] Reading a socket timed out after 10 seconds. Descriptor:26
2017-12-04 18:17:40 INFO  [531235] TreeFrog application servers shutting down
2017-12-04 18:17:41 INFO  [531235] TreeFrog application servers shutdown completed
2017-12-04 18:18:01 INFO  [534369] TreeFrog Framework version 1.19.0
2017-12-04 18:18:01 INFO  [534369] Qt 5.9.2 / Mac OS X
2017-12-04 18:18:01 INFO  [534369] TreeFrog application servers started up.
2017-12-04 18:19:57 WARN  [540988] Reading a socket timed out after 10 seconds. Descriptor:23
2017-12-04 18:19:57 WARN  [540990] Reading a socket timed out after 10 seconds. Descriptor:27
2017-12-04 18:19:57 WARN  [540987] Reading a socket timed out after 10 seconds. Descriptor:18
2017-12-04 18:19:57 WARN  [540989] Reading a socket timed out after 10 seconds. Descriptor:24
2017-12-04 18:19:57 WARN  [540986] Reading a socket timed out after 10 seconds. Descriptor:17
2017-12-04 18:19:58 INFO  [534369] TreeFrog application servers shutting down
2017-12-04 18:20:05 INFO  [534369] TreeFrog application servers shutdown completed
2017-12-04 19:14:01 INFO  [615182] TreeFrog Framework version 1.19.0
2017-12-04 19:14:01 INFO  [615182] Qt 5.9.2 / Mac OS X
2017-12-04 19:14:01 INFO  [615182] TreeFrog application servers started up.
2017-12-04 19:14:14 WARN  [615457] Reading a socket timed out after 10 seconds. Descriptor:25
2017-12-04 19:14:14 WARN  [615454] Reading a socket timed out after 10 seconds. Descriptor:14
2017-12-04 19:14:14 WARN  [615456] Reading a socket timed out after 10 seconds. Descriptor:20
2017-12-04 19:14:14 WARN  [615455] Reading a socket timed out after 10 seconds. Descriptor:19
2017-12-04 19:15:29 WARN  [618268] Reading a socket timed out after 10 seconds. Descriptor:22
2017-12-04 19:15:29 WARN  [618270] Reading a socket timed out after 10 seconds. Descriptor:29
2017-12-04 19:15:29 WARN  [618266] Reading a socket timed out after 10 seconds. Descriptor:14
2017-12-04 19:15:29 WARN  [618267] Reading a socket timed out after 10 seconds. Descriptor:17
2017-12-04 19:15:29 WARN  [618269] Reading a socket timed out after 10 seconds. Descriptor:25
2017-12-04 19:15:54 WARN  [618818] Reading a socket timed out after 10 seconds. Descriptor:22
2017-12-04 19:15:54 WARN  [618820] Reading a socket timed out after 10 seconds. Descriptor:26
2017-12-04 19:15:54 WARN  [618819] Reading a socket timed out after 10 seconds. Descriptor:23
2017-12-04 19:15:54 WARN  [618817] Reading a socket timed out after 10 seconds. Descriptor:17
2017-12-04 19:15:54 WARN  [618816] Reading a socket timed out after 10 seconds. Descriptor:16
2017-12-04 19:16:07 INFO  [615182] TreeFrog application servers shutting down
2017-12-04 19:16:14 INFO  [615182] TreeFrog application servers shutdown completed
2017-12-04 23:02:43 INFO  [838542] TreeFrog Framework version 1.19.0
2017-12-04 23:02:43 INFO  [838542] Qt 5.9.2 / Mac OS X
2017-12-04 23:02:43 INFO  [838542] TreeFrog application servers started up.
2017-12-04 23:03:03 WARN  [839131] Reading a socket timed out after 10 seconds. Descriptor:18
2017-12-04 23:03:03 WARN  [839132] Reading a socket timed out after 10 seconds. Descriptor:23
2017-12-04 23:03:03 WARN  [839133] Reading a socket timed out after 10 seconds. Descriptor:26
2017-12-04 23:03:03 WARN  [839130] Reading a socket timed out after 10 seconds. Descriptor:17
2017-12-04 23:03:46 INFO  [838542] TreeFrog application servers shutting down
2017-12-04 23:03:46 INFO  [838542] TreeFrog application servers shutdown completed
2017-12-04 23:04:01 INFO  [841659] TreeFrog Framework version 1.19.0
2017-12-04 23:04:01 INFO  [841659] Qt 5.9.2 / Mac OS X
2017-12-04 23:04:01 INFO  [841659] TreeFrog application servers started up.
2017-12-04 23:04:21 WARN  [841938] Reading a socket timed out after 10 seconds. Descriptor:14
2017-12-04 23:04:21 WARN  [841942] Reading a socket timed out after 10 seconds. Descriptor:26
2017-12-04 23:04:21 WARN  [841940] Reading a socket timed out after 10 seconds. Descriptor:20
2017-12-04 23:04:21 WARN  [841941] Reading a socket timed out after 10 seconds. Descriptor:23
2017-12-04 23:04:21 WARN  [841939] Reading a socket timed out after 10 seconds. Descriptor:17
2017-12-04 23:06:46 WARN  [846882] Reading a socket timed out after 10 seconds. Descriptor:26
2017-12-04 23:06:46 WARN  [846883] Reading a socket timed out after 10 seconds. Descriptor:29
2017-12-04 23:06:46 WARN  [846881] Reading a socket timed out after 10 seconds. Descriptor:23
2017-12-04 23:06:46 WARN  [846880] Reading a socket timed out after 10 seconds. Descriptor:18
2017-12-04 23:06:46 WARN  [846879] Reading a socket timed out after 10 seconds. Descriptor:17
2017-12-04 23:06:57 WARN  [847169] Reading a socket timed out after 10 seconds. Descriptor:29
2017-12-04 23:06:57 WARN  [847166] Reading a socket timed out after 10 seconds. Descriptor:18
2017-12-04 23:06:57 WARN  [847168] Reading a socket timed out after 10 seconds. Descriptor:26
2017-12-04 23:06:57 WARN  [847167] Reading a socket timed out after 10 seconds. Descriptor:23
2017-12-04 23:06:57 WARN  [847165] Reading a socket timed out after 10 seconds. Descriptor:17
2017-12-04 23:08:31 INFO  [841659] TreeFrog application servers shutting down
2017-12-04 23:08:31 INFO  [841659] TreeFrog application servers shutdown completed
2017-12-04 23:09:29 INFO  [850878] TreeFrog Framework version 1.19.0
2017-12-04 23:09:29 INFO  [850878] Qt 5.9.2 / Mac OS X
2017-12-04 23:09:29 INFO  [850878] TreeFrog application servers started up.
2017-12-04 23:09:43 WARN  [851071] Reading a socket timed out after 10 seconds. Descriptor:17
2017-12-04 23:09:43 WARN  [851073] Reading a socket timed out after 10 seconds. Descriptor:25
2017-12-04 23:09:43 WARN  [851074] Reading a socket timed out after 10 seconds. Descriptor:28
2017-12-04 23:09:43 WARN  [851070] Reading a socket timed out after 10 seconds. Descriptor:14
2017-12-04 23:09:43 WARN  [851072] Reading a socket timed out after 10 seconds. Descriptor:20
2017-12-04 23:12:57 INFO  [850878] TreeFrog application servers shutting down
2017-12-04 23:12:57 INFO  [850878] TreeFrog application servers shutdown completed
2017-12-05 06:36:45 INFO  [26897] TreeFrog Framework version 1.19.0
2017-12-05 06:36:45 INFO  [26897] Qt 5.9.2 / Mac OS X
2017-12-05 06:36:45 INFO  [26897] TreeFrog application servers started up.
2017-12-05 06:36:59 WARN  [27441] Reading a socket timed out after 10 seconds. Descriptor:25
2017-12-05 06:36:59 WARN  [27439] Reading a socket timed out after 10 seconds. Descriptor:17
2017-12-05 06:36:59 WARN  [27440] Reading a socket timed out after 10 seconds. Descriptor:20
2017-12-05 06:36:59 WARN  [27442] Reading a socket timed out after 10 seconds. Descriptor:28
2017-12-05 06:39:49 WARN  [30431] Reading a socket timed out after 10 seconds. Descriptor:15
2017-12-05 06:39:49 WARN  [30433] Reading a socket timed out after 10 seconds. Descriptor:23
2017-12-05 06:39:49 WARN  [30430] Reading a socket timed out after 10 seconds. Descriptor:14
2017-12-05 06:39:49 WARN  [30432] Reading a socket timed out after 10 seconds. Descriptor:22
2017-12-05 06:39:49 WARN  [30474] Reading a socket timed out after 10 seconds. Descriptor:28
2017-12-05 06:39:59 WARN  [30804] Reading a socket timed out after 10 seconds. Descriptor:14
2017-12-05 06:39:59 WARN  [30808] Reading a socket timed out after 10 seconds. Descriptor:28
2017-12-05 06:39:59 WARN  [30805] Reading a socket timed out after 10 seconds. Descriptor:15
2017-12-05 06:39:59 WARN  [30806] Reading a socket timed out after 10 seconds. Descriptor:20
2017-12-05 06:39:59 WARN  [30807] Reading a socket timed out after 10 seconds. Descriptor:25
2017-12-05 06:43:31 INFO  [26897] TreeFrog application servers shutting down
2017-12-05 06:43:32 INFO  [26897] TreeFrog application servers shutdown completed
2017-12-05 06:43:37 INFO  [38699] TreeFrog Framework version 1.19.0
2017-12-05 06:43:37 INFO  [38699] Qt 5.9.2 / Mac OS X
2017-12-05 06:43:37 INFO  [38699] TreeFrog application servers started up.
2017-12-05 06:43:53 WARN  [38931] Reading a socket timed out after 10 seconds. Descriptor:16
2017-12-05 06:43:53 WARN  [38935] Reading a socket timed out after 10 seconds. Descriptor:26
2017-12-05 06:43:53 WARN  [38933] Reading a socket timed out after 10 seconds. Descriptor:20
2017-12-05 06:43:53 WARN  [38934] Reading a socket timed out after 10 seconds. Descriptor:25
2017-12-05 06:43:53 WARN  [38932] Reading a socket timed out after 10 seconds. Descriptor:17
2017-12-05 06:47:05 INFO  [38699] TreeFrog application servers shutting down
2017-12-05 06:47:05 INFO  [38699] TreeFrog application servers shutdown completed
2017-12-05 06:47:29 INFO  [46318] TreeFrog Framework version 1.19.0
2017-12-05 06:47:29 INFO  [46318] Qt 5.9.2 / Mac OS X
2017-12-05 06:47:29 INFO  [46318] TreeFrog application servers started up.
2017-12-05 06:47:45 WARN  [46553] Reading a socket timed out after 10 seconds. Descriptor:20
2017-12-05 06:47:45 WARN  [46552] Reading a socket timed out after 10 seconds. Descriptor:19
2017-12-05 06:47:45 WARN  [46551] Reading a socket timed out after 10 seconds. Descriptor:16
2017-12-05 06:47:45 WARN  [46554] Reading a socket timed out after 10 seconds. Descriptor:25
2017-12-05 06:47:45 WARN  [46555] Reading a socket timed out after 10 seconds. Descriptor:28
2017-12-05 06:49:42 INFO  [46318] TreeFrog application servers shutting down
2017-12-05 06:49:43 INFO  [46318] TreeFrog application servers shutdown completed
2017-12-05 06:49:47 INFO  [50681] TreeFrog Framework version 1.19.0
2017-12-05 06:49:47 INFO  [50681] Qt 5.9.2 / Mac OS X
2017-12-05 06:49:47 INFO  [50681] TreeFrog application servers started up.
2017-12-05 06:50:03 WARN  [50916] Reading a socket timed out after 10 seconds. Descriptor:28
2017-12-05 06:50:03 WARN  [50913] Reading a socket timed out after 10 seconds. Descriptor:17
2017-12-05 06:50:03 WARN  [50912] Reading a socket timed out after 10 seconds. Descriptor:14
2017-12-05 06:50:03 WARN  [50914] Reading a socket timed out after 10 seconds. Descriptor:22
2017-12-05 06:50:03 WARN  [50915] Reading a socket timed out after 10 seconds. Descriptor:23
2017-12-05 06:50:23 WARN  [51382] Reading a socket timed out after 10 seconds. Descriptor:16
2017-12-05 06:51:27 INFO  [50681] TreeFrog application servers shutting down
2017-12-05 06:51:32 INFO  [50681] TreeFrog application servers shutdown completed
2017-12-05 08:57:54 INFO  [264429] TreeFrog Framework version 1.19.0
2017-12-05 08:57:54 INFO  [264429] Qt 5.9.2 / Mac OS X
2017-12-05 08:57:54 INFO  [264429] TreeFrog application servers started up.
2017-12-05 08:58:12 WARN  [265264] Reading a socket timed out after 10 seconds. Descriptor:14
2017-12-05 08:58:12 WARN  [265266] Reading a socket timed out after 10 seconds. Descriptor:20
2017-12-05 08:58:12 WARN  [265265] Reading a socket timed out after 10 seconds. Descriptor:17
2017-12-05 08:58:12 WARN  [265268] Reading a socket timed out after 10 seconds. Descriptor:28
2017-12-05 08:58:12 WARN  [265267] Reading a socket timed out after 10 seconds. Descriptor:25
2017-12-05 08:59:59 INFO  [264429] TreeFrog application servers shutting down
2017-12-05 08:59:59 INFO  [264429] TreeFrog application servers shutdown completed
2017-12-05 09:00:16 INFO  [269171] TreeFrog Framework version 1.19.0
2017-12-05 09:00:16 INFO  [269171] Qt 5.9.2 / Mac OS X
2017-12-05 09:00:16 INFO  [269171] TreeFrog application servers started up.
2017-12-05 09:00:51 WARN  [269571] Reading a socket timed out after 10 seconds. Descriptor:17
2017-12-05 09:00:51 WARN  [269574] Reading a socket timed out after 10 seconds. Descriptor:28
2017-12-05 09:00:51 WARN  [269570] Reading a socket timed out after 10 seconds. Descriptor:16
2017-12-05 09:00:51 WARN  [269572] Reading a socket timed out after 10 seconds. Descriptor:19
2017-12-05 09:00:51 WARN  [269573] Reading a socket timed out after 10 seconds. Descriptor:26
2017-12-05 09:01:18 WARN  [270139] Reading a socket timed out after 10 seconds. Descriptor:17
2017-12-05 09:02:29 INFO  [269171] TreeFrog application servers shutting down
2017-12-05 09:02:30 INFO  [269171] TreeFrog application servers shutdown completed
2017-12-05 09:05:44 INFO  [277361] TreeFrog Framework version 1.19.0
2017-12-05 09:05:44 INFO  [277361] Qt 5.9.2 / Mac OS X
2017-12-05 09:05:44 INFO  [277361] TreeFrog application servers started up.
2017-12-05 09:05:58 WARN  [277611] Reading a socket timed out after 10 seconds. Descriptor:22
2017-12-05 09:05:58 WARN  [277612] Reading a socket timed out after 10 seconds. Descriptor:23
2017-12-05 09:05:58 WARN  [277609] Reading a socket timed out after 10 seconds. Descriptor:14
2017-12-05 09:05:58 WARN  [277610] Reading a socket timed out after 10 seconds. Descriptor:17
2017-12-05 09:05:58 WARN  [277613] Reading a socket timed out after 10 seconds. Descriptor:28
2017-12-05 09:08:21 INFO  [277361] TreeFrog application servers shutting down
2017-12-05 09:08:24 INFO  [277361] TreeFrog application servers shutdown completed
2017-12-05 10:01:59 INFO  [349453] TreeFrog Framework version 1.19.0
2017-12-05 10:01:59 INFO  [349453] Qt 5.9.2 / Mac OS X
2017-12-05 10:01:59 INFO  [349453] TreeFrog application servers started up.
2017-12-05 10:02:17 WARN  [349941] Reading a socket timed out after 10 seconds. Descriptor:20
2017-12-05 10:02:17 WARN  [349939] Reading a socket timed out after 10 seconds. Descriptor:16
2017-12-05 10:02:17 WARN  [349940] Reading a socket timed out after 10 seconds. Descriptor:19
2017-12-05 10:02:17 WARN  [349943] Reading a socket timed out after 10 seconds. Descriptor:28
2017-12-05 10:02:17 WARN  [349942] Reading a socket timed out after 10 seconds. Descriptor:25
2017-12-05 10:19:38 INFO  [349453] TreeFrog application servers shutting down
2017-12-05 10:19:39 INFO  [349453] TreeFrog application servers shutdown completed
2017-12-05 10:22:20 INFO  [375160] TreeFrog Framework version 1.19.0
2017-12-05 10:22:20 INFO  [375160] Qt 5.9.2 / Mac OS X
2017-12-05 10:22:20 INFO  [375160] TreeFrog application servers started up.
2017-12-05 10:22:40 WARN  [375391] Reading a socket timed out after 10 seconds. Descriptor:17
2017-12-05 10:22:40 WARN  [375392] Reading a socket timed out after 10 seconds. Descriptor:18
2017-12-05 10:22:40 WARN  [375393] Reading a socket timed out after 10 seconds. Descriptor:22
2017-12-05 10:22:40 WARN  [375394] Reading a socket timed out after 10 seconds. Descriptor:26
2017-12-05 10:26:18 WARN  [380142] Reading a socket timed out after 10 seconds. Descriptor:27
2017-12-05 10:26:18 WARN  [380141] Reading a socket timed out after 10 seconds. Descriptor:26
2017-12-05 10:26:18 WARN  [380138] Reading a socket timed out after 10 seconds. Descriptor:17
2017-12-05 10:26:18 WARN  [380139] Reading a socket timed out after 10 seconds. Descriptor:20
2017-12-05 10:26:18 WARN  [380140] Reading a socket timed out after 10 seconds. Descriptor:21
2017-12-05 10:26:32 INFO  [375160] TreeFrog application servers shutting down
2017-12-05 10:26:36 INFO  [375160] TreeFrog application servers shutdown completed
2017-12-05 10:54:07 INFO  [422285] TreeFrog Framework version 1.19.0
2017-12-05 10:54:07 INFO  [422285] Qt 5.9.2 / Mac OS X
2017-12-05 10:54:07 INFO  [422285] TreeFrog application servers started up.
2017-12-05 10:54:24 WARN  [422546] Reading a socket timed out after 10 seconds. Descriptor:14
2017-12-05 10:54:24 WARN  [422547] Reading a socket timed out after 10 seconds. Descriptor:17
2017-12-05 10:54:24 WARN  [422549] Reading a socket timed out after 10 seconds. Descriptor:23
2017-12-05 10:54:24 WARN  [422548] Reading a socket timed out after 10 seconds. Descriptor:22
2017-12-05 10:56:55 INFO  [422285] TreeFrog application servers shutting down
2017-12-05 10:56:57 INFO  [422285] TreeFrog application servers shutdown completed
2017-12-05 11:31:26 INFO  [469697] TreeFrog Framework version 1.19.0
2017-12-05 11:31:26 INFO  [469697] Qt 5.9.2 / Mac OS X
2017-12-05 11:31:26 INFO  [469697] TreeFrog application servers started up.
2017-12-05 11:31:45 WARN  [469976] Reading a socket timed out after 10 seconds. Descriptor:23
2017-12-05 11:31:45 WARN  [469974] Reading a socket timed out after 10 seconds. Descriptor:17
2017-12-05 11:31:45 WARN  [469975] Reading a socket timed out after 10 seconds. Descriptor:22
2017-12-05 11:31:45 WARN  [469973] Reading a socket timed out after 10 seconds. Descriptor:14
2017-12-05 11:32:10 INFO  [469697] TreeFrog application servers shutting down
2017-12-05 11:32:11 INFO  [469697] TreeFrog application servers shutdown completed
2017-12-05 11:32:19 INFO  [471437] TreeFrog Framework version 1.19.0
2017-12-05 11:32:19 INFO  [471437] Qt 5.9.2 / Mac OS X
2017-12-05 11:32:19 INFO  [471437] TreeFrog application servers started up.
2017-12-05 11:32:35 WARN  [471639] Reading a socket timed out after 10 seconds. Descriptor:14
2017-12-05 11:32:35 WARN  [471640] Reading a socket timed out after 10 seconds. Descriptor:15
2017-12-05 11:32:35 WARN  [471641] Reading a socket timed out after 10 seconds. Descriptor:18
2017-12-05 11:32:35 WARN  [471642] Reading a socket timed out after 10 seconds. Descriptor:21
2017-12-05 11:32:38 INFO  [471437] TreeFrog application servers shutting down
2017-12-05 11:32:39 INFO  [471437] TreeFrog application servers shutdown completed
2017-12-05 11:32:45 INFO  [472472] TreeFrog Framework version 1.19.0
2017-12-05 11:32:45 INFO  [472472] Qt 5.9.2 / Mac OS X
2017-12-05 11:32:45 INFO  [472472] TreeFrog application servers started up.
2017-12-05 11:32:59 WARN  [472684] Reading a socket timed out after 10 seconds. Descriptor:26
2017-12-05 11:32:59 WARN  [472682] Reading a socket timed out after 10 seconds. Descriptor:22
2017-12-05 11:32:59 WARN  [472681] Reading a socket timed out after 10 seconds. Descriptor:17
2017-12-05 11:32:59 WARN  [472683] Reading a socket timed out after 10 seconds. Descriptor:23
2017-12-05 11:32:59 WARN  [472680] Reading a socket timed out after 10 seconds. Descriptor:14
2017-12-05 11:33:20 INFO  [472472] TreeFrog application servers shutting down
2017-12-05 11:33:26 INFO  [472472] TreeFrog application servers shutdown completed
2017-12-05 14:02:04 INFO  [529232] TreeFrog Framework version 1.19.0
2017-12-05 14:02:04 INFO  [529232] Qt 5.9.2 / Mac OS X
2017-12-05 14:02:05 INFO  [529232] TreeFrog application servers started up.
2017-12-05 14:02:25 WARN  [529564] Reading a socket timed out after 10 seconds. Descriptor:22
2017-12-05 14:02:25 WARN  [529561] Reading a socket timed out after 10 seconds. Descriptor:17
2017-12-05 14:02:25 WARN  [529563] Reading a socket timed out after 10 seconds. Descriptor:21
2017-12-05 14:02:25 WARN  [529562] Reading a socket timed out after 10 seconds. Descriptor:20
2017-12-05 14:02:25 WARN  [529560] Reading a socket timed out after 10 seconds. Descriptor:14
2017-12-05 14:03:50 WARN  [532068] Reading a socket timed out after 10 seconds. Descriptor:14
2017-12-05 14:04:09 WARN  [532605] Reading a socket timed out after 10 seconds. Descriptor:14
2017-12-05 14:05:51 WARN  [535060] Reading a socket timed out after 10 seconds. Descriptor:16
2017-12-05 14:07:00 WARN  [537526] Reading a socket timed out after 10 seconds. Descriptor:16
2017-12-05 14:07:39 INFO  [529232] TreeFrog application servers shutting down
2017-12-05 14:07:40 WARN  [538743] Reading a socket timed out after 10 seconds. Descriptor:16
2017-12-05 14:07:40 WARN  [538745] Reading a socket timed out after 10 seconds. Descriptor:23
2017-12-05 14:07:40 WARN  [538744] Reading a socket timed out after 10 seconds. Descriptor:17
2017-12-05 14:07:45 INFO  [529232] TreeFrog application servers shutdown completed
2017-12-05 14:25:39 INFO  [563218] TreeFrog Framework version 1.19.0
2017-12-05 14:25:39 INFO  [563218] Qt 5.9.2 / Mac OS X
2017-12-05 14:25:39 INFO  [563218] TreeFrog application servers started up.
2017-12-05 14:25:55 WARN  [563541] Reading a socket timed out after 10 seconds. Descriptor:18
2017-12-05 14:25:55 WARN  [563543] Reading a socket timed out after 10 seconds. Descriptor:25
2017-12-05 14:25:55 WARN  [563544] Reading a socket timed out after 10 seconds. Descriptor:28
2017-12-05 14:25:55 WARN  [563542] Reading a socket timed out after 10 seconds. Descriptor:22
2017-12-05 14:27:20 INFO  [563218] TreeFrog application servers shutting down
2017-12-05 14:27:26 INFO  [563218] TreeFrog application servers shutdown completed
2017-12-05 14:37:23 INFO  [581240] TreeFrog Framework version 1.19.0
2017-12-05 14:37:23 INFO  [581240] Qt 5.9.2 / Mac OS X
2017-12-05 14:37:23 INFO  [581240] TreeFrog application servers started up.
2017-12-05 14:37:37 WARN  [581454] Reading a socket timed out after 10 seconds. Descriptor:17
2017-12-05 14:37:37 WARN  [581453] Reading a socket timed out after 10 seconds. Descriptor:14
2017-12-05 14:37:37 WARN  [581455] Reading a socket timed out after 10 seconds. Descriptor:20
2017-12-05 14:37:37 WARN  [581457] Reading a socket timed out after 10 seconds. Descriptor:26
2017-12-05 14:37:37 WARN  [581456] Reading a socket timed out after 10 seconds. Descriptor:21
2017-12-05 14:40:10 INFO  [581240] TreeFrog application servers shutting down
2017-12-05 14:40:10 INFO  [581240] TreeFrog application servers shutdown completed
2017-12-05 14:40:30 INFO  [586877] TreeFrog Framework version 1.19.0
2017-12-05 14:40:30 INFO  [586877] Qt 5.9.2 / Mac OS X
2017-12-05 14:40:30 INFO  [586877] TreeFrog application servers started up.
2017-12-05 14:40:44 WARN  [587141] Reading a socket timed out after 10 seconds. Descriptor:16
2017-12-05 14:40:44 WARN  [587142] Reading a socket timed out after 10 seconds. Descriptor:25
2017-12-05 14:40:44 WARN  [587143] Reading a socket timed out after 10 seconds. Descriptor:28
2017-12-05 14:40:44 WARN  [587139] Reading a socket timed out after 10 seconds. Descriptor:17
2017-12-05 14:40:44 WARN  [587140] Reading a socket timed out after 10 seconds. Descriptor:18
2017-12-05 14:43:30 WARN  [592040] Reading a socket timed out after 10 seconds. Descriptor:16
2017-12-05 14:43:37 INFO  [586877] TreeFrog application servers shutting down
2017-12-05 14:43:42 INFO  [586877] TreeFrog application servers shutdown completed
